<?xml version="1.0" encoding="UTF-8"?>
<!-- Generated by org.testng.reporters.JUnitXMLReporter -->
<testsuite ignored="16" hostname="EG-37Z4ML3" failures="0" tests="20" name="Command line test" time="0.038" errors="0" timestamp="2022-08-24T14:18:36 EET">
  <testcase classname="tests.TestBase" name="@BeforeSuite startDriver" time="3.71">
    <failure type="org.openqa.selenium.WebDriverException" message="unknown error: cannot determine loading status
from disconnected: received Inspector.detached event
  (Session info: chrome=104.0.5112.102)
Build info: version: &amp;apos;4.3.0&amp;apos;, revision: &amp;apos;a4995e2c09*&amp;apos;
System info: host: &amp;apos;EG-37Z4ML3&amp;apos;, ip: &amp;apos;192.168.100.113&amp;apos;, os.name: &amp;apos;Windows 10&amp;apos;, os.arch: &amp;apos;amd64&amp;apos;, os.version: &amp;apos;10.0&amp;apos;, java.version: &amp;apos;18.0.2.1&amp;apos;
Driver info: org.openqa.selenium.chrome.ChromeDriver
Command: [d9572511ea5acf7c3a9872fc4d31d33b, get {url=http://demo.nopcommerce.com/}]
Capabilities {acceptInsecureCerts: false, browserName: chrome, browserVersion: 104.0.5112.102, chrome: {chromedriverVersion: 103.0.5060.134 (8ec6fce403b..., userDataDir: C:\Users\NADA~1.MAR\AppData...}, goog:chromeOptions: {debuggerAddress: localhost:60870}, networkConnectionEnabled: false, pageLoadStrategy: normal, platformName: WINDOWS, proxy: Proxy(), se:cdp: ws://localhost:60870/devtoo..., se:cdpVersion: 104.0.5112.102, setWindowRect: true, strictFileInteractability: false, timeouts: {implicit: 0, pageLoad: 300000, script: 30000}, unhandledPromptBehavior: dismiss and notify, webauthn:extension:credBlob: true, webauthn:extension:largeBlob: true, webauthn:virtualAuthenticators: true}
Session ID: d9572511ea5acf7c3a9872fc4d31d33b">
      <![CDATA[org.openqa.selenium.WebDriverException: unknown error: cannot determine loading status
from disconnected: received Inspector.detached event
  (Session info: chrome=104.0.5112.102)
Build info: version: '4.3.0', revision: 'a4995e2c09*'
System info: host: 'EG-37Z4ML3', ip: '192.168.100.113', os.name: 'Windows 10', os.arch: 'amd64', os.version: '10.0', java.version: '18.0.2.1'
Driver info: org.openqa.selenium.chrome.ChromeDriver
Command: [d9572511ea5acf7c3a9872fc4d31d33b, get {url=http://demo.nopcommerce.com/}]
Capabilities {acceptInsecureCerts: false, browserName: chrome, browserVersion: 104.0.5112.102, chrome: {chromedriverVersion: 103.0.5060.134 (8ec6fce403b..., userDataDir: C:\Users\NADA~1.MAR\AppData...}, goog:chromeOptions: {debuggerAddress: localhost:60870}, networkConnectionEnabled: false, pageLoadStrategy: normal, platformName: WINDOWS, proxy: Proxy(), se:cdp: ws://localhost:60870/devtoo..., se:cdpVersion: 104.0.5112.102, setWindowRect: true, strictFileInteractability: false, timeouts: {implicit: 0, pageLoad: 300000, script: 30000}, unhandledPromptBehavior: dismiss and notify, webauthn:extension:credBlob: true, webauthn:extension:largeBlob: true, webauthn:virtualAuthenticators: true}
Session ID: d9572511ea5acf7c3a9872fc4d31d33b
at org.openqa.selenium.remote.codec.w3c.W3CHttpResponseCodec.createException(W3CHttpResponseCodec.java:200)
at org.openqa.selenium.remote.codec.w3c.W3CHttpResponseCodec.decode(W3CHttpResponseCodec.java:133)
at org.openqa.selenium.remote.codec.w3c.W3CHttpResponseCodec.decode(W3CHttpResponseCodec.java:53)
at org.openqa.selenium.remote.HttpCommandExecutor.execute(HttpCommandExecutor.java:184)
at org.openqa.selenium.remote.service.DriverCommandExecutor.invokeExecute(DriverCommandExecutor.java:167)
at org.openqa.selenium.remote.service.DriverCommandExecutor.execute(DriverCommandExecutor.java:142)
at org.openqa.selenium.remote.RemoteWebDriver.execute(RemoteWebDriver.java:569)
at org.openqa.selenium.remote.RemoteWebDriver.get(RemoteWebDriver.java:332)
at org.openqa.selenium.remote.RemoteWebDriver$RemoteNavigation.to(RemoteWebDriver.java:1056)
at tests.TestBase.startDriver(TestBase.java:51)
... Removed 28 stack frames]]>
    </failure>
  </testcase> <!-- @BeforeSuite startDriver -->
  <testcase classname="tests.TestBase" name="@AfterMethod takeScreenshotOnFailure" time="-1.661343516946E9">
    <skipped/>
  </testcase> <!-- @AfterMethod takeScreenshotOnFailure -->
  <testcase classname="tests.TestBase" name="@AfterMethod takeScreenshotOnFailure" time="-1.661343516947E9">
    <skipped/>
  </testcase> <!-- @AfterMethod takeScreenshotOnFailure -->
  <testcase classname="tests.TestBase" name="@AfterMethod takeScreenshotOnFailure" time="-1.661343516949E9">
    <skipped/>
  </testcase> <!-- @AfterMethod takeScreenshotOnFailure -->
  <testcase classname="tests.TestBase" name="@AfterMethod takeScreenshotOnFailure" time="-1.661343516949E9">
    <skipped/>
  </testcase> <!-- @AfterMethod takeScreenshotOnFailure -->
  <testcase classname="tests.TestBase" name="@AfterMethod takeScreenshotOnFailure" time="-1.66134351695E9">
    <skipped/>
  </testcase> <!-- @AfterMethod takeScreenshotOnFailure -->
  <testcase classname="tests.TestBase" name="@AfterMethod takeScreenshotOnFailure" time="-1.661343516951E9">
    <skipped/>
  </testcase> <!-- @AfterMethod takeScreenshotOnFailure -->
  <testcase classname="tests.TestBase" name="@AfterMethod takeScreenshotOnFailure" time="-1.661343516952E9">
    <skipped/>
  </testcase> <!-- @AfterMethod takeScreenshotOnFailure -->
  <testcase classname="tests.TestBase" name="@AfterMethod takeScreenshotOnFailure" time="-1.661343516952E9">
    <skipped/>
  </testcase> <!-- @AfterMethod takeScreenshotOnFailure -->
  <testcase classname="tests.TestBase" name="@AfterMethod takeScreenshotOnFailure" time="-1.661343516953E9">
    <skipped/>
  </testcase> <!-- @AfterMethod takeScreenshotOnFailure -->
  <testcase classname="tests.TestBase" name="@AfterMethod takeScreenshotOnFailure" time="-1.661343516953E9">
    <skipped/>
  </testcase> <!-- @AfterMethod takeScreenshotOnFailure -->
  <testcase classname="tests.TestBase" name="@AfterMethod takeScreenshotOnFailure" time="-1.661343516953E9">
    <skipped/>
  </testcase> <!-- @AfterMethod takeScreenshotOnFailure -->
  <testcase classname="tests.TestBase" name="@AfterMethod takeScreenshotOnFailure" time="-1.661343516954E9">
    <skipped/>
  </testcase> <!-- @AfterMethod takeScreenshotOnFailure -->
  <testcase classname="tests.TestBase" name="@AfterMethod takeScreenshotOnFailure" time="-1.661343516954E9">
    <skipped/>
  </testcase> <!-- @AfterMethod takeScreenshotOnFailure -->
  <testcase classname="tests.TestBase" name="@AfterMethod takeScreenshotOnFailure" time="-1.661343516954E9">
    <skipped/>
  </testcase> <!-- @AfterMethod takeScreenshotOnFailure -->
  <testcase classname="tests.TestBase" name="@AfterMethod takeScreenshotOnFailure" time="-1.661343516955E9">
    <skipped/>
  </testcase> <!-- @AfterMethod takeScreenshotOnFailure -->
  <testcase classname="tests.TestBase" name="@AfterMethod takeScreenshotOnFailure" time="-1.661343516955E9">
    <skipped/>
  </testcase> <!-- @AfterMethod takeScreenshotOnFailure -->
  <testcase classname="tests.TestBase" name="@AfterMethod takeScreenshotOnFailure" time="-1.661343516957E9">
    <skipped/>
  </testcase> <!-- @AfterMethod takeScreenshotOnFailure -->
  <testcase classname="tests.TestBase" name="@AfterMethod takeScreenshotOnFailure" time="-1.661343516957E9">
    <skipped/>
  </testcase> <!-- @AfterMethod takeScreenshotOnFailure -->
  <testcase classname="tests.ChangeCurrencyTest" name="userChangeCurrency" time="0.0">
    <skipped/>
  </testcase> <!-- userChangeCurrency -->
  <testcase classname="tests.ChangeCurrencyTest" name="seachForItemsWithAutoComplete" time="0.0">
    <skipped/>
  </testcase> <!-- seachForItemsWithAutoComplete -->
  <testcase classname="tests.ContactUsTest" name="userSendEnquiry" time="0.0">
    <skipped/>
  </testcase> <!-- userSendEnquiry -->
  <testcase classname="tests.EmailProductToFriendTest" name="UserCanRegisterSuccssfully" time="0.0">
    <skipped/>
  </testcase> <!-- UserCanRegisterSuccssfully -->
  <testcase classname="tests.EmailProductToFriendTest" name="seachForItemsWithAutoComplete" time="0.0">
    <skipped/>
  </testcase> <!-- seachForItemsWithAutoComplete -->
  <testcase classname="tests.EmailProductToFriendTest" name="userCanEmailProductToFriend" time="0.0">
    <skipped/>
  </testcase> <!-- userCanEmailProductToFriend -->
  <testcase classname="tests.EmailProductToFriendTest" name="registrationUserLogout" time="0.0">
    <skipped/>
  </testcase> <!-- registrationUserLogout -->
  <testcase classname="tests.MyAccountTest" name="UserCanRegisterSuccssfully" time="0.0">
    <skipped/>
  </testcase> <!-- UserCanRegisterSuccssfully -->
  <testcase classname="tests.MyAccountTest" name="RegisteredUserCanChangePassword" time="0.0">
    <skipped/>
  </testcase> <!-- RegisteredUserCanChangePassword -->
  <testcase classname="tests.MyAccountTest" name="RegisteredUserCanLogout" time="0.0">
    <skipped/>
  </testcase> <!-- RegisteredUserCanLogout -->
  <testcase classname="tests.MyAccountTest" name="RegisteredUserCanLogin" time="0.0">
    <skipped/>
  </testcase> <!-- RegisteredUserCanLogin -->
  <testcase classname="tests.ProductReviewPageTest" name="UserCanRegisterSuccssfully" time="0.0">
    <skipped/>
  </testcase> <!-- UserCanRegisterSuccssfully -->
  <testcase classname="tests.ProductReviewPageTest" name="seachForItemsWithAutoComplete" time="0.0">
    <skipped/>
  </testcase> <!-- seachForItemsWithAutoComplete -->
  <testcase classname="tests.ProductReviewPageTest" name="userCanAddRevirewToProduct" time="0.0">
    <skipped/>
  </testcase> <!-- userCanAddRevirewToProduct -->
  <testcase classname="tests.ProductReviewPageTest" name="registrationUserLogout" time="0.0">
    <skipped/>
  </testcase> <!-- registrationUserLogout -->
  <testcase classname="tests.RegistratinTest" name="registrationSuccess" time="0.0">
    <skipped/>
  </testcase> <!-- registrationSuccess -->
  <testcase classname="tests.RegistratinTest" name="registrationUserLogout" time="0.0">
    <skipped/>
  </testcase> <!-- registrationUserLogout -->
  <testcase classname="tests.RegistratinTest" name="registrationUserLogin" time="0.0">
    <skipped/>
  </testcase> <!-- registrationUserLogin -->
  <testcase classname="tests.SearchItemTest" name="seachForItems" time="0.0">
    <skipped/>
  </testcase> <!-- seachForItems -->
  <testcase classname="tests.SearchItemWithAutoCompleteTest" name="seachForItemsWithAutoComplete" time="0.0">
    <skipped/>
  </testcase> <!-- seachForItemsWithAutoComplete -->
  <testcase classname="tests.TestBase" name="@AfterSuite stopDriver" time="0.0">
    <ignored/>
  </testcase> <!-- @AfterSuite stopDriver -->
  <testcase classname="tests.TestBase" name="@AfterSuite stopDriver" time="0.0">
    <ignored/>
  </testcase> <!-- @AfterSuite stopDriver -->
  <testcase classname="tests.TestBase" name="@AfterSuite stopDriver" time="0.0">
    <ignored/>
  </testcase> <!-- @AfterSuite stopDriver -->
  <testcase classname="tests.TestBase" name="@AfterSuite stopDriver" time="0.0">
    <ignored/>
  </testcase> <!-- @AfterSuite stopDriver -->
  <testcase classname="tests.TestBase" name="@AfterSuite stopDriver" time="0.0">
    <ignored/>
  </testcase> <!-- @AfterSuite stopDriver -->
  <testcase classname="tests.TestBase" name="@AfterSuite stopDriver" time="0.0">
    <ignored/>
  </testcase> <!-- @AfterSuite stopDriver -->
  <testcase classname="tests.TestBase" name="@AfterSuite stopDriver" time="0.0">
    <ignored/>
  </testcase> <!-- @AfterSuite stopDriver -->
  <testcase classname="tests.TestBase" name="@AfterSuite stopDriver" time="0.0">
    <ignored/>
  </testcase> <!-- @AfterSuite stopDriver -->
  <testcase classname="tests.TestBase" name="@BeforeSuite startDriver" time="0.0">
    <ignored/>
  </testcase> <!-- @BeforeSuite startDriver -->
  <testcase classname="tests.TestBase" name="@BeforeSuite startDriver" time="0.0">
    <ignored/>
  </testcase> <!-- @BeforeSuite startDriver -->
  <testcase classname="tests.TestBase" name="@BeforeSuite startDriver" time="0.0">
    <ignored/>
  </testcase> <!-- @BeforeSuite startDriver -->
  <testcase classname="tests.TestBase" name="@BeforeSuite startDriver" time="0.0">
    <ignored/>
  </testcase> <!-- @BeforeSuite startDriver -->
  <testcase classname="tests.TestBase" name="@BeforeSuite startDriver" time="0.0">
    <ignored/>
  </testcase> <!-- @BeforeSuite startDriver -->
  <testcase classname="tests.TestBase" name="@BeforeSuite startDriver" time="0.0">
    <ignored/>
  </testcase> <!-- @BeforeSuite startDriver -->
  <testcase classname="tests.TestBase" name="@BeforeSuite startDriver" time="0.0">
    <ignored/>
  </testcase> <!-- @BeforeSuite startDriver -->
  <testcase classname="tests.TestBase" name="@BeforeSuite startDriver" time="0.0">
    <ignored/>
  </testcase> <!-- @BeforeSuite startDriver -->
</testsuite> <!-- Command line test -->
